\BOOKMARK [1][-]{section.1}{Introduction}{}% 1
\BOOKMARK [2][-]{subsection.1.1}{Literature review}{section.1}% 2
\BOOKMARK [2][-]{subsection.1.2}{Conceptual model}{section.1}% 3
\BOOKMARK [1][-]{section.2}{Erosion-deposition model}{}% 4
\BOOKMARK [2][-]{subsection.2.1}{Shallow water flow}{section.2}% 5
\BOOKMARK [2][-]{subsection.2.2}{Erosion-deposition}{section.2}% 6
\BOOKMARK [2][-]{subsection.2.3}{Landscape evolution}{section.2}% 7
\BOOKMARK [2][-]{subsection.2.4}{Gravitational diffusion}{section.2}% 8
\BOOKMARK [1][-]{section.3}{Detachment limited model}{}% 9
\BOOKMARK [2][-]{subsection.3.1}{Shallow water flow}{section.3}% 10
\BOOKMARK [2][-]{subsection.3.2}{Sediment flow}{section.3}% 11
\BOOKMARK [2][-]{subsection.3.3}{Landscape evolution}{section.3}% 12
\BOOKMARK [2][-]{subsection.3.4}{Gravitational diffusion}{section.3}% 13
\BOOKMARK [1][-]{section.4}{Transport limited model}{}% 14
\BOOKMARK [1][-]{section.5}{Unit stream power erosion deposition model}{}% 15
\BOOKMARK [2][-]{subsection.5.1}{Unit stream power erosion deposition}{section.5}% 16
\BOOKMARK [2][-]{subsection.5.2}{Landscape evolution}{section.5}% 17
\BOOKMARK [2][-]{subsection.5.3}{Gravitational diffusion}{section.5}% 18
\BOOKMARK [1][-]{section.6}{Revised universal soil loss equation 3D model}{}% 19
\BOOKMARK [2][-]{subsection.6.1}{Revised universal soil loss equation}{section.6}% 20
\BOOKMARK [2][-]{subsection.6.2}{Landscape evolution}{section.6}% 21
\BOOKMARK [2][-]{subsection.6.3}{Gravitational diffusion}{section.6}% 22
\BOOKMARK [1][-]{section.7}{Implementation}{}% 23
\BOOKMARK [1][-]{section.8}{Case study}{}% 24
\BOOKMARK [2][-]{subsection.8.1}{Fort Bragg}{section.8}% 25
\BOOKMARK [2][-]{subsection.8.2}{Patterson Branch Creek}{section.8}% 26
\BOOKMARK [2][-]{subsection.8.3}{Benchmarks}{section.8}% 27
\BOOKMARK [1][-]{section.9}{Tangible landscape evolution}{}% 28
\BOOKMARK [1][-]{section.10}{Discussion}{}% 29
\BOOKMARK [2][-]{subsection.10.1}{Future work}{section.10}% 30
\BOOKMARK [1][-]{section.11}{Conclusion}{}% 31
\BOOKMARK [1][-]{appendix.A}{Supporting information}{}% 32
\BOOKMARK [2][-]{subsection.A.1}{Code}{appendix.A}% 33
\BOOKMARK [2][-]{subsection.A.2}{Data}{appendix.A}% 34
\BOOKMARK [2][-]{subsection.A.3}{3D models}{appendix.A}% 35
\BOOKMARK [2][-]{subsection.A.4}{Tangible Landscape}{appendix.A}% 36
